INFO| 2018-03-21 15:32:01,213| gpyyolo 3540| MainProcess| model.py| [line:11]| init model...
INFO| 2018-03-21 15:32:01,213| gpyyolo 3540| MainProcess| model.py| [line:15]| /Users/AmourDeMai/personal/projects/gpyyolo/gpyyolo/model.py
INFO| 2018-03-21 15:32:01,214| gpyyolo 3540| MainProcess| model.py| [line:16]| /Users/AmourDeMai/personal/projects/gpyyolo/gpyyolo
INFO| 2018-03-21 15:32:38,417| gpyyolo 3593| MainProcess| model.py| [line:11]| init model...
INFO| 2018-03-21 15:32:38,418| gpyyolo 3593| MainProcess| model.py| [line:14]| /Users/AmourDeMai/personal/projects/gpyyolo/gpyyolo/model.py
INFO| 2018-03-21 15:32:38,418| gpyyolo 3593| MainProcess| model.py| [line:15]| /Users/AmourDeMai/personal/projects/gpyyolo/gpyyolo
INFO| 2018-03-21 16:23:19,130| gpyyolo 4275| MainProcess| model.py| [line:15]| init model...
INFO| 2018-03-21 16:23:34,902| gpyyolo 4333| MainProcess| model.py| [line:15]| init model...
INFO| 2018-03-21 16:23:34,904| gpyyolo 4333| MainProcess| model.py| [line:30]| init frame
INFO| 2018-03-21 16:24:18,070| gpyyolo 4360| MainProcess| model.py| [line:15]| init model...
INFO| 2018-03-21 16:24:18,071| gpyyolo 4360| MainProcess| model.py| [line:30]| init frame
INFO| 2018-03-21 16:24:19,906| gpyyolo 4360| MainProcess| model.py| [line:24]| init general python yolo model
INFO| 2018-03-21 16:25:59,366| gpyyolo 4451| MainProcess| model.py| [line:15]| init model...
INFO| 2018-03-21 16:25:59,367| gpyyolo 4451| MainProcess| model.py| [line:30]| init frame
INFO| 2018-03-21 16:26:00,924| gpyyolo 4451| MainProcess| model.py| [line:24]| init general python yolo model
INFO| 2018-03-21 16:30:41,816| gpyyolo 4833| MainProcess| model.py| [line:15]| init model...
INFO| 2018-03-21 16:30:41,816| gpyyolo 4833| MainProcess| model.py| [line:30]| init frame
INFO| 2018-03-21 16:30:43,763| gpyyolo 4833| MainProcess| model.py| [line:24]| init general python yolo model
INFO| 2018-03-21 16:31:44,772| gpyyolo 4880| MainProcess| model.py| [line:15]| init model...
INFO| 2018-03-21 16:31:44,773| gpyyolo 4880| MainProcess| model.py| [line:24]| init general python yolo model
INFO| 2018-03-21 16:32:09,319| gpyyolo 4914| MainProcess| model.py| [line:15]| init model...
INFO| 2018-03-21 16:32:09,320| gpyyolo 4914| MainProcess| model.py| [line:24]| init general python yolo model
INFO| 2018-03-21 16:33:34,734| gpyyolo 5050| MainProcess| model.py| [line:15]| init model...
INFO| 2018-03-21 16:33:34,734| gpyyolo 5050| MainProcess| model.py| [line:24]| init general python yolo model
INFO| 2018-03-21 16:35:17,457| gpyyolo 5161| MainProcess| model.py| [line:15]| init model...
INFO| 2018-03-21 16:35:17,458| gpyyolo 5161| MainProcess| model.py| [line:24]| init general python yolo model
INFO| 2018-03-21 16:36:05,115| gpyyolo 5184| MainProcess| model.py| [line:15]| init model...
INFO| 2018-03-21 16:36:05,116| gpyyolo 5184| MainProcess| model.py| [line:30]| init frame
INFO| 2018-03-21 16:36:07,082| gpyyolo 5184| MainProcess| model.py| [line:24]| init general python yolo model
INFO| 2018-03-21 16:36:27,542| gpyyolo 5209| MainProcess| model.py| [line:15]| init model...
INFO| 2018-03-21 16:36:27,542| gpyyolo 5209| MainProcess| model.py| [line:30]| init frame
INFO| 2018-03-21 16:36:29,436| gpyyolo 5209| MainProcess| model.py| [line:24]| init general python yolo model
INFO| 2018-03-21 16:37:01,102| gpyyolo 5240| MainProcess| model.py| [line:15]| init model...
INFO| 2018-03-21 16:37:01,103| gpyyolo 5240| MainProcess| model.py| [line:30]| init frame
INFO| 2018-03-21 16:37:03,092| gpyyolo 5240| MainProcess| model.py| [line:24]| init general python yolo model
INFO| 2018-03-21 16:43:08,538| gpyyolo 5734| MainProcess| model.py| [line:15]| init model...
INFO| 2018-03-21 16:43:08,539| gpyyolo 5734| MainProcess| model.py| [line:30]| init frame
INFO| 2018-03-21 16:43:10,597| gpyyolo 5734| MainProcess| model.py| [line:24]| init general python yolo model
INFO| 2018-03-21 16:45:46,995| gpyyolo 5802| MainProcess| model.py| [line:15]| init model...
INFO| 2018-03-21 16:45:46,996| gpyyolo 5802| MainProcess| model.py| [line:30]| init frame
INFO| 2018-03-21 16:45:48,712| gpyyolo 5802| MainProcess| model.py| [line:24]| init general python yolo model
INFO| 2018-03-21 16:46:18,536| gpyyolo 5829| MainProcess| model.py| [line:15]| init model...
INFO| 2018-03-21 16:46:18,537| gpyyolo 5829| MainProcess| model.py| [line:24]| init general python yolo model
INFO| 2018-03-21 16:46:48,447| gpyyolo 5851| MainProcess| model.py| [line:15]| init model...
INFO| 2018-03-21 16:46:48,447| gpyyolo 5851| MainProcess| model.py| [line:30]| init frame
INFO| 2018-03-21 16:46:50,344| gpyyolo 5851| MainProcess| model.py| [line:24]| init general python yolo model
INFO| 2018-03-21 16:47:09,341| gpyyolo 5878| MainProcess| model.py| [line:15]| init model...
INFO| 2018-03-21 16:47:09,341| gpyyolo 5878| MainProcess| model.py| [line:30]| init frame
INFO| 2018-03-21 16:47:11,178| gpyyolo 5878| MainProcess| model.py| [line:24]| init general python yolo model
INFO| 2018-03-21 16:47:32,079| gpyyolo 5900| MainProcess| model.py| [line:15]| init model...
INFO| 2018-03-21 16:47:32,079| gpyyolo 5900| MainProcess| model.py| [line:30]| init frame
INFO| 2018-03-21 16:47:33,817| gpyyolo 5900| MainProcess| model.py| [line:24]| init general python yolo model
INFO| 2018-03-21 16:51:51,886| gpyyolo 5957| MainProcess| model.py| [line:15]| init model...
INFO| 2018-03-21 16:51:51,886| gpyyolo 5957| MainProcess| model.py| [line:30]| init frame
INFO| 2018-03-21 16:51:53,797| gpyyolo 5957| MainProcess| model.py| [line:24]| init general python yolo model
INFO| 2018-03-21 17:02:41,510| gpyyolo 6324| MainProcess| model.py| [line:15]| init model...
INFO| 2018-03-21 17:02:41,511| gpyyolo 6324| MainProcess| model.py| [line:30]| init frame
INFO| 2018-03-21 17:02:44,961| gpyyolo 6324| MainProcess| model.py| [line:24]| init general python yolo model
INFO| 2018-03-21 17:16:59,853| gpyyolo 6735| MainProcess| model.py| [line:15]| init model...
INFO| 2018-03-21 17:16:59,854| gpyyolo 6735| MainProcess| model.py| [line:30]| init frame
INFO| 2018-03-21 17:17:01,519| gpyyolo 6735| MainProcess| model.py| [line:24]| init general python yolo model
INFO| 2018-03-21 17:17:33,580| gpyyolo 6783| MainProcess| model.py| [line:15]| init model...
INFO| 2018-03-21 17:17:33,580| gpyyolo 6783| MainProcess| model.py| [line:30]| init frame
INFO| 2018-03-21 17:17:35,183| gpyyolo 6783| MainProcess| model.py| [line:24]| init general python yolo model
INFO| 2018-03-21 17:27:08,888| gpyyolo 6982| MainProcess| model.py| [line:15]| init model...
INFO| 2018-03-21 17:27:35,620| gpyyolo 7009| MainProcess| model.py| [line:15]| init model...
INFO| 2018-03-21 17:27:35,621| gpyyolo 7009| MainProcess| model.py| [line:30]| init frame
INFO| 2018-03-21 17:27:37,275| gpyyolo 7009| MainProcess| model.py| [line:24]| init general python yolo model
INFO| 2018-03-21 17:29:29,493| gpyyolo 7036| MainProcess| model.py| [line:15]| init model...
INFO| 2018-03-21 17:29:29,493| gpyyolo 7036| MainProcess| model.py| [line:30]| init frame
INFO| 2018-03-21 17:29:31,067| gpyyolo 7036| MainProcess| model.py| [line:24]| init general python yolo model
INFO| 2018-03-21 17:29:58,612| gpyyolo 7092| MainProcess| model.py| [line:15]| init model...
ERROR| 2018-03-21 17:29:58,613| gpyyolo 7092| MainProcess| gpyyolo.py| [line:21]| Wrong params
INFO| 2018-03-21 17:30:03,123| gpyyolo 7114| MainProcess| model.py| [line:15]| init model...
ERROR| 2018-03-21 17:30:03,123| gpyyolo 7114| MainProcess| gpyyolo.py| [line:21]| Wrong params
INFO| 2018-03-21 17:30:09,790| gpyyolo 7133| MainProcess| model.py| [line:15]| init model...
INFO| 2018-03-21 17:30:13,366| gpyyolo 7152| MainProcess| model.py| [line:15]| init model...
INFO| 2018-03-21 17:30:13,366| gpyyolo 7152| MainProcess| model.py| [line:30]| init frame
INFO| 2018-03-21 17:30:14,945| gpyyolo 7152| MainProcess| model.py| [line:24]| init general python yolo model
INFO| 2018-03-21 17:32:21,543| gpyyolo 7193| MainProcess| model.py| [line:15]| init model...
ERROR| 2018-03-21 17:32:21,543| gpyyolo 7193| MainProcess| gpyyolo.py| [line:21]| Wrong params
INFO| 2018-03-21 17:32:29,674| gpyyolo 7212| MainProcess| model.py| [line:15]| init model...
ERROR| 2018-03-21 17:32:29,674| gpyyolo 7212| MainProcess| gpyyolo.py| [line:21]| Wrong params
INFO| 2018-03-21 17:37:02,662| gpyyolo 7304| MainProcess| model.py| [line:15]| init model...
INFO| 2018-03-21 17:37:04,418| gpyyolo 7323| MainProcess| model.py| [line:15]| init model...
ERROR| 2018-03-21 17:37:04,418| gpyyolo 7323| MainProcess| gpyyolo.py| [line:21]| Wrong params
INFO| 2018-03-21 17:37:20,537| gpyyolo 7349| MainProcess| model.py| [line:15]| init model...
INFO| 2018-03-21 17:37:22,934| gpyyolo 7368| MainProcess| model.py| [line:15]| init model...
INFO| 2018-03-21 17:37:29,831| gpyyolo 7387| MainProcess| model.py| [line:15]| init model...
INFO| 2018-03-21 17:37:32,874| gpyyolo 7406| MainProcess| model.py| [line:15]| init model...
INFO| 2018-03-21 17:37:32,874| gpyyolo 7406| MainProcess| model.py| [line:30]| init frame
INFO| 2018-03-21 17:37:34,523| gpyyolo 7406| MainProcess| model.py| [line:24]| init general python yolo model
INFO| 2018-03-21 17:37:51,350| gpyyolo 7431| MainProcess| model.py| [line:15]| init model...
INFO| 2018-03-21 17:37:51,350| gpyyolo 7431| MainProcess| model.py| [line:30]| init frame
INFO| 2018-03-21 17:37:52,875| gpyyolo 7431| MainProcess| model.py| [line:24]| init general python yolo model
INFO| 2018-03-21 17:37:56,252| gpyyolo 7450| MainProcess| model.py| [line:15]| init model...
INFO| 2018-03-21 17:38:01,734| gpyyolo 7469| MainProcess| model.py| [line:15]| init model...
INFO| 2018-03-21 17:38:17,348| gpyyolo 7529| MainProcess| model.py| [line:15]| init model...
INFO| 2018-03-21 17:38:19,292| gpyyolo 7548| MainProcess| model.py| [line:15]| init model...
INFO| 2018-03-21 17:38:22,764| gpyyolo 7567| MainProcess| model.py| [line:15]| init model...
INFO| 2018-03-21 17:38:29,865| gpyyolo 7586| MainProcess| model.py| [line:15]| init model...
INFO| 2018-03-21 17:38:33,730| gpyyolo 7605| MainProcess| model.py| [line:15]| init model...
INFO| 2018-03-21 17:38:33,731| gpyyolo 7605| MainProcess| model.py| [line:30]| init frame
INFO| 2018-03-21 17:38:35,261| gpyyolo 7605| MainProcess| model.py| [line:24]| init general python yolo model
INFO| 2018-03-21 17:39:02,721| gpyyolo 7669| MainProcess| model.py| [line:15]| init model...
INFO| 2018-03-21 17:39:09,162| gpyyolo 7691| MainProcess| model.py| [line:15]| init model...
INFO| 2018-03-21 17:40:55,338| gpyyolo 7825| MainProcess| model.py| [line:15]| init model...
INFO| 2018-03-21 17:40:55,338| gpyyolo 7825| MainProcess| model.py| [line:30]| init frame
INFO| 2018-03-21 17:40:56,801| gpyyolo 7825| MainProcess| model.py| [line:24]| init general python yolo model
